<?xml version="1.0" encoding="UTF-8"?>
<!-- Generated by org.testng.reporters.JUnitXMLReporter -->
<testsuite hostname="Piotrek-HP" name="Default test" tests="5" failures="0" timestamp="21 Oct 2016 19:56:34 GMT" time="73.296" errors="0">
  <testcase name="isLoginInWithCorrectAdminEmailAndPassword" time="7.141" classname="net.phptravels.admin.LoginAsAdminOnChrome"/>
  <testcase name="isNotLoginInWithIncorrectAdminEmail" time="2.361" classname="net.phptravels.admin.LoginAsAdminOnChrome"/>
  <testcase name="isNotLoginInWithIncorrectAdminPassword" time="2.119" classname="net.phptravels.admin.LoginAsAdminOnChrome"/>
  <testcase name="isNotLoginInWithoutAdminEmail" time="3.21" classname="net.phptravels.admin.LoginAsAdminOnChrome"/>
  <testcase name="isNotLoginInWithoutAdminPassword" time="3.34" classname="net.phptravels.admin.LoginAsAdminOnChrome"/>
</testsuite> <!-- Default test -->
