<?xml version="1.0" encoding="UTF-8"?>
<!-- Generated by org.testng.reporters.JUnitXMLReporter -->
<testsuite hostname="Piotrek-HP" name="Test" tests="3" failures="0" timestamp="13 Oct 2016 18:38:48 GMT" time="59.679" errors="0">
  <testcase name="isLoginInWithCorrectAdminEmailAndPassword" time="7.427" classname="net.phptravels.admin.LoginAsAdminOnFirefox"/>
  <testcase name="isLoginInWithCorrectAdminEmailAndPassword" time="10.453" classname="net.phptravels.admin.LoginAsAdminOnIE"/>
  <testcase name="isLoginInWithCorrectAdminEmailAndPassword" time="7.656" classname="net.phptravels.admin.LoginAsAdminOnChrome"/>
</testsuite> <!-- Test -->
