<?xml version="1.0" encoding="UTF-8"?>
<!-- Generated by org.testng.reporters.JUnitXMLReporter -->
<testsuite hostname="Piotrek-HP" name="Test" tests="15" failures="0" timestamp="15 Oct 2016 15:57:34 GMT" time="201.359" errors="0">
  <testcase name="isLoginInWithCorrectAdminEmailAndPassword" time="5.76" classname="net.phptravels.admin.LoginAsAdminOnChrome"/>
  <testcase name="isNotLoginInWithIncorrectAdminEmail" time="1.942" classname="net.phptravels.admin.LoginAsAdminOnChrome"/>
  <testcase name="isNotLoginInWithIncorrectAdminPassword" time="1.797" classname="net.phptravels.admin.LoginAsAdminOnChrome"/>
  <testcase name="isNotLoginInWithoutAdminEmail" time="1.888" classname="net.phptravels.admin.LoginAsAdminOnChrome"/>
  <testcase name="isNotLoginInWithoutAdminPassword" time="2.331" classname="net.phptravels.admin.LoginAsAdminOnChrome"/>
  <testcase name="isLoginInWithCorrectAdminEmailAndPassword" time="5.434" classname="net.phptravels.admin.LoginAsAdminOnFirefox"/>
  <testcase name="isNotLoginInWithIncorrectAdminEmail" time="1.724" classname="net.phptravels.admin.LoginAsAdminOnFirefox"/>
  <testcase name="isNotLoginInWithIncorrectAdminPassword" time="1.732" classname="net.phptravels.admin.LoginAsAdminOnFirefox"/>
  <testcase name="isNotLoginInWithoutAdminEmail" time="1.906" classname="net.phptravels.admin.LoginAsAdminOnFirefox"/>
  <testcase name="isNotLoginInWithoutAdminPassword" time="1.779" classname="net.phptravels.admin.LoginAsAdminOnFirefox"/>
  <testcase name="isLoginInWithCorrectAdminEmailAndPassword" time="5.114" classname="net.phptravels.admin.LoginAsAdminOnIE"/>
  <testcase name="isNotLoginInWithIncorrectAdminEmail" time="5.111" classname="net.phptravels.admin.LoginAsAdminOnIE"/>
  <testcase name="isNotLoginInWithIncorrectAdminPassword" time="5.179" classname="net.phptravels.admin.LoginAsAdminOnIE"/>
  <testcase name="isNotLoginInWithoutAdminEmail" time="2.075" classname="net.phptravels.admin.LoginAsAdminOnIE"/>
  <testcase name="isNotLoginInWithoutAdminPassword" time="2.262" classname="net.phptravels.admin.LoginAsAdminOnIE"/>
</testsuite> <!-- Test -->
