<?xml version="1.0" encoding="UTF-8"?>
<testng-results skipped="0" failed="0" total="5" passed="5">
  <reporter-output>
  </reporter-output>
  <suite name="Default suite" duration-ms="73296" started-at="2016-10-21T19:55:21Z" finished-at="2016-10-21T19:56:34Z">
    <groups>
    </groups>
    <test name="Default test" duration-ms="73296" started-at="2016-10-21T19:55:21Z" finished-at="2016-10-21T19:56:34Z">
      <class name="net.phptravels.admin.LoginAsAdminOnChrome">
        <test-method status="PASS" signature="beforeClass()[pri:0, instance:net.phptravels.admin.LoginAsAdminOnChrome@1593948d]" name="beforeClass" is-config="true" duration-ms="748" started-at="2016-10-21T21:55:21Z" finished-at="2016-10-21T21:55:22Z">
          <reporter-output>
          </reporter-output>
        </test-method> <!-- beforeClass -->
        <test-method status="PASS" signature="beforeMethod()[pri:0, instance:net.phptravels.admin.LoginAsAdminOnChrome@1593948d]" name="beforeMethod" is-config="true" duration-ms="11314" started-at="2016-10-21T21:55:22Z" finished-at="2016-10-21T21:55:33Z">
          <reporter-output>
          </reporter-output>
        </test-method> <!-- beforeMethod -->
        <test-method status="PASS" signature="isLoginInWithCorrectAdminEmailAndPassword()[pri:0, instance:net.phptravels.admin.LoginAsAdminOnChrome@1593948d]" name="isLoginInWithCorrectAdminEmailAndPassword" duration-ms="7141" started-at="2016-10-21T21:55:33Z" finished-at="2016-10-21T21:55:40Z">
          <reporter-output>
          </reporter-output>
        </test-method> <!-- isLoginInWithCorrectAdminEmailAndPassword -->
        <test-method status="PASS" signature="afterMethod()[pri:0, instance:net.phptravels.admin.LoginAsAdminOnChrome@1593948d]" name="afterMethod" is-config="true" duration-ms="2072" started-at="2016-10-21T21:55:40Z" finished-at="2016-10-21T21:55:42Z">
          <reporter-output>
          </reporter-output>
        </test-method> <!-- afterMethod -->
        <test-method status="PASS" signature="beforeMethod()[pri:0, instance:net.phptravels.admin.LoginAsAdminOnChrome@1593948d]" name="beforeMethod" is-config="true" duration-ms="8943" started-at="2016-10-21T21:55:42Z" finished-at="2016-10-21T21:55:51Z">
          <reporter-output>
          </reporter-output>
        </test-method> <!-- beforeMethod -->
        <test-method status="PASS" signature="isNotLoginInWithIncorrectAdminEmail()[pri:0, instance:net.phptravels.admin.LoginAsAdminOnChrome@1593948d]" name="isNotLoginInWithIncorrectAdminEmail" duration-ms="2361" started-at="2016-10-21T21:55:51Z" finished-at="2016-10-21T21:55:53Z">
          <reporter-output>
          </reporter-output>
        </test-method> <!-- isNotLoginInWithIncorrectAdminEmail -->
        <test-method status="PASS" signature="afterMethod()[pri:0, instance:net.phptravels.admin.LoginAsAdminOnChrome@1593948d]" name="afterMethod" is-config="true" duration-ms="1275" started-at="2016-10-21T21:55:53Z" finished-at="2016-10-21T21:55:55Z">
          <reporter-output>
          </reporter-output>
        </test-method> <!-- afterMethod -->
        <test-method status="PASS" signature="beforeMethod()[pri:0, instance:net.phptravels.admin.LoginAsAdminOnChrome@1593948d]" name="beforeMethod" is-config="true" duration-ms="8932" started-at="2016-10-21T21:55:55Z" finished-at="2016-10-21T21:56:04Z">
          <reporter-output>
          </reporter-output>
        </test-method> <!-- beforeMethod -->
        <test-method status="PASS" signature="isNotLoginInWithIncorrectAdminPassword()[pri:0, instance:net.phptravels.admin.LoginAsAdminOnChrome@1593948d]" name="isNotLoginInWithIncorrectAdminPassword" duration-ms="2119" started-at="2016-10-21T21:56:04Z" finished-at="2016-10-21T21:56:06Z">
          <reporter-output>
          </reporter-output>
        </test-method> <!-- isNotLoginInWithIncorrectAdminPassword -->
        <test-method status="PASS" signature="afterMethod()[pri:0, instance:net.phptravels.admin.LoginAsAdminOnChrome@1593948d]" name="afterMethod" is-config="true" duration-ms="1288" started-at="2016-10-21T21:56:06Z" finished-at="2016-10-21T21:56:07Z">
          <reporter-output>
          </reporter-output>
        </test-method> <!-- afterMethod -->
        <test-method status="PASS" signature="beforeMethod()[pri:0, instance:net.phptravels.admin.LoginAsAdminOnChrome@1593948d]" name="beforeMethod" is-config="true" duration-ms="8607" started-at="2016-10-21T21:56:07Z" finished-at="2016-10-21T21:56:16Z">
          <reporter-output>
          </reporter-output>
        </test-method> <!-- beforeMethod -->
        <test-method status="PASS" signature="isNotLoginInWithoutAdminEmail()[pri:0, instance:net.phptravels.admin.LoginAsAdminOnChrome@1593948d]" name="isNotLoginInWithoutAdminEmail" duration-ms="3210" started-at="2016-10-21T21:56:16Z" finished-at="2016-10-21T21:56:19Z">
          <reporter-output>
          </reporter-output>
        </test-method> <!-- isNotLoginInWithoutAdminEmail -->
        <test-method status="PASS" signature="afterMethod()[pri:0, instance:net.phptravels.admin.LoginAsAdminOnChrome@1593948d]" name="afterMethod" is-config="true" duration-ms="1203" started-at="2016-10-21T21:56:19Z" finished-at="2016-10-21T21:56:20Z">
          <reporter-output>
          </reporter-output>
        </test-method> <!-- afterMethod -->
        <test-method status="PASS" signature="beforeMethod()[pri:0, instance:net.phptravels.admin.LoginAsAdminOnChrome@1593948d]" name="beforeMethod" is-config="true" duration-ms="9503" started-at="2016-10-21T21:56:20Z" finished-at="2016-10-21T21:56:30Z">
          <reporter-output>
          </reporter-output>
        </test-method> <!-- beforeMethod -->
        <test-method status="PASS" signature="isNotLoginInWithoutAdminPassword()[pri:0, instance:net.phptravels.admin.LoginAsAdminOnChrome@1593948d]" name="isNotLoginInWithoutAdminPassword" duration-ms="3340" started-at="2016-10-21T21:56:30Z" finished-at="2016-10-21T21:56:33Z">
          <reporter-output>
          </reporter-output>
        </test-method> <!-- isNotLoginInWithoutAdminPassword -->
        <test-method status="PASS" signature="afterMethod()[pri:0, instance:net.phptravels.admin.LoginAsAdminOnChrome@1593948d]" name="afterMethod" is-config="true" duration-ms="1188" started-at="2016-10-21T21:56:33Z" finished-at="2016-10-21T21:56:34Z">
          <reporter-output>
          </reporter-output>
        </test-method> <!-- afterMethod -->
      </class> <!-- net.phptravels.admin.LoginAsAdminOnChrome -->
    </test> <!-- Default test -->
  </suite> <!-- Default suite -->
</testng-results>
