<?xml version="1.0" encoding="UTF-8"?>
<testng-results skipped="0" failed="0" total="1" passed="1">
  <reporter-output>
  </reporter-output>
  <suite name="Default suite" duration-ms="26551" started-at="2016-10-26T19:52:48Z" finished-at="2016-10-26T19:53:14Z">
    <groups>
    </groups>
    <test name="Default test" duration-ms="26551" started-at="2016-10-26T19:52:48Z" finished-at="2016-10-26T19:53:14Z">
      <class name="net.phptravels.admin.LoginAsAdminOnChrome">
        <test-method status="PASS" signature="beforeClass()[pri:0, instance:net.phptravels.admin.LoginAsAdminOnChrome@457e2f02]" name="beforeClass" is-config="true" duration-ms="595" started-at="2016-10-26T21:52:48Z" finished-at="2016-10-26T21:52:48Z">
          <reporter-output>
          </reporter-output>
        </test-method> <!-- beforeClass -->
        <test-method status="PASS" signature="beforeMethod()[pri:0, instance:net.phptravels.admin.LoginAsAdminOnChrome@457e2f02]" name="beforeMethod" is-config="true" duration-ms="8583" started-at="2016-10-26T21:52:48Z" finished-at="2016-10-26T21:52:57Z">
          <reporter-output>
          </reporter-output>
        </test-method> <!-- beforeMethod -->
        <test-method status="PASS" signature="isFunctionRememberMeWork()[pri:0, instance:net.phptravels.admin.LoginAsAdminOnChrome@457e2f02]" name="isFunctionRememberMeWork" duration-ms="16422" started-at="2016-10-26T21:52:57Z" finished-at="2016-10-26T21:53:13Z">
          <reporter-output>
          </reporter-output>
        </test-method> <!-- isFunctionRememberMeWork -->
        <test-method status="PASS" signature="afterMethod()[pri:0, instance:net.phptravels.admin.LoginAsAdminOnChrome@457e2f02]" name="afterMethod" is-config="true" duration-ms="926" started-at="2016-10-26T21:53:13Z" finished-at="2016-10-26T21:53:14Z">
          <reporter-output>
          </reporter-output>
        </test-method> <!-- afterMethod -->
      </class> <!-- net.phptravels.admin.LoginAsAdminOnChrome -->
    </test> <!-- Default test -->
  </suite> <!-- Default suite -->
</testng-results>
